Arguments: 
  C:\Program Files\nodejs\node.exe C:\Users\Yusuf\AppData\Roaming\npm\node_modules\yarn\bin\yarn.js install --offline

PATH: 
  C:\Windows\system32;C:\Windows;C:\Windows\System32\Wbem;C:\Windows\System32\WindowsPowerShell\v1.0\;C:\Windows\System32\OpenSSH\;C:\Program Files\nodejs\;C:\Program Files\Git\cmd;C:\xampp\php;C:\ProgramData\ComposerSetup\bin;C:\Users\Yusuf\AppData\Local\Microsoft\WindowsApps;C:\Users\Yusuf\AppData\Roaming\npm;C:\Users\Yusuf\AppData\Local\Programs\Microsoft VS Code\bin;C:\ProgramData\Yusuf\GitHubDesktop\bin;C:\Users\Yusuf\AppData\Roaming\Composer\vendor\bin

Yarn version: 
  1.22.17

Node version: 
  16.13.0

Platform: 
  win32 x64

Trace: 
  Error: ENOENT: no such file or directory, scandir 'C:\Users\Yusuf\AppData\Local\Yarn\Cache\v6\npm-abbrev-1.1.1-f8f2c887ad10bf67f634f005b6987fed3179aac8-integrity\node_modules'

npm manifest: 
  {
    "name": "delivernow",
    "version": "1.0.0",
    "main": "node_modules/expo/AppEntry.js",
    "scripts": {
      "start": "expo start",
      "android": "expo start --android",
      "ios": "expo start --ios",
      "web": "expo start --web",
      "eject": "expo eject"
    },
    "dependencies": {
      "expo": "~44.0.0",
      "expo-status-bar": "~1.2.0",
      "react": "17.0.1",
      "react-dom": "17.0.1",
      "react-native": "0.64.3",
      "react-native-web": "0.17.1"
    },
    "devDependencies": {
      "@babel/core": "^7.12.9"
    },
    "private": true
  }

yarn manifest: 
  No manifest

Lockfile: 
  No lockfile
